0 info it worked if it ends with ok
1 verbose cli [ 'node', '/usr/local/bin/npm', 'run', 'build' ]
2 info using npm@1.4.28
3 info using node@v0.10.30
4 verbose run-script [ 'prebuild', 'build', 'postbuild' ]
5 info prebuild GameOfLife-ES6@1.0.0
6 info build GameOfLife-ES6@1.0.0
7 verbose unsafe-perm in lifecycle true
8 info GameOfLife-ES6@1.0.0 Failed to exec build script
9 error GameOfLife-ES6@1.0.0 build: `browserify index.js -t babelify -o ./out/index-web.js`
9 error Exit status 8
10 error Failed at the GameOfLife-ES6@1.0.0 build script.
10 error This is most likely a problem with the GameOfLife-ES6 package,
10 error not with npm itself.
10 error Tell the author that this fails on your system:
10 error     browserify index.js -t babelify -o ./out/index-web.js
10 error You can get their info via:
10 error     npm owner ls GameOfLife-ES6
10 error There is likely additional logging output above.
11 error System Darwin 14.3.0
12 error command "node" "/usr/local/bin/npm" "run" "build"
13 error cwd /Users/felquis/Documents/projects/GameOfLife-ES6
14 error node -v v0.10.30
15 error npm -v 1.4.28
16 error code ELIFECYCLE
17 verbose exit [ 1, true ]
